<?xml version="1.0" encoding="UTF-8"?>
<!-- Generated by org.testng.reporters.JUnitReportReporter -->
<testsuite hostname="MSI" failures="0" tests="11" name="StepDefinitions.TestRunner2" time="49.107" errors="0" timestamp="2021-02-06T18:33:21 IST" skipped="0">
  <testcase classname="StepDefinitions.TestRunner2" name="runScenario" time="0.172"/>
  <system-out/>
  <testcase classname="StepDefinitions.TestRunner2" name="runScenario" time="9.429"/>
  <system-out/>
  <testcase classname="StepDefinitions.TestRunner2" name="runScenario" time="9.408"/>
  <system-out/>
  <testcase classname="StepDefinitions.TestRunner2" name="runScenario" time="0.172"/>
  <system-out/>
  <testcase classname="StepDefinitions.TestRunner2" name="runScenario" time="0.171"/>
  <system-out/>
  <testcase classname="StepDefinitions.TestRunner2" name="runScenario" time="9.184"/>
  <system-out/>
  <testcase classname="StepDefinitions.TestRunner2" name="runScenario" time="0.013"/>
  <system-out/>
  <testcase classname="StepDefinitions.TestRunner2" name="runScenario" time="0.172"/>
  <system-out/>
  <testcase classname="StepDefinitions.TestRunner2" name="runScenario" time="0.172"/>
  <system-out/>
  <testcase classname="StepDefinitions.TestRunner2" name="runScenario" time="9.278"/>
  <system-out/>
  <testcase classname="StepDefinitions.TestRunner2" name="runScenario" time="10.936"/>
  <system-out/>
</testsuite> <!-- StepDefinitions.TestRunner2 -->
