<?xml version="1.0" encoding="UTF-8"?>
<!-- Generated by org.testng.reporters.JUnitReportReporter -->
<testsuite hostname="MSI" failures="0" tests="6" name="com.selenium.test.DataProvider_Grid_SetUp" time="57.843" errors="0" timestamp="2021-02-11T00:56:36 IST" skipped="2">
  <testcase classname="com.selenium.test.DataProvider_Grid_SetUp" name="test_06" time="13.849"/>
  <system-out/>
  <testcase classname="com.selenium.test.DataProvider_Grid_SetUp" name="test_03" time="16.728"/>
  <system-out/>
  <testcase classname="com.selenium.test.DataProvider_Grid_SetUp" name="test_05" time="12.941"/>
  <system-out/>
  <testcase classname="com.selenium.test.DataProvider_Grid_SetUp" name="test_04" time="14.325"/>
  <system-out/>
  <testcase classname="com.selenium.test.DataProvider_Grid_SetUp" name="test_02">
    <skipped/>
  </testcase> <!-- test_02 -->
  <system-out/>
  <testcase classname="com.selenium.test.DataProvider_Grid_SetUp" name="test_01">
    <skipped/>
  </testcase> <!-- test_01 -->
  <system-out/>
</testsuite> <!-- com.selenium.test.DataProvider_Grid_SetUp -->
