<?xml version="1.0" encoding="UTF-8"?>
<!-- Generated by org.testng.reporters.JUnitReportReporter -->
<testsuite hostname="MSI" failures="0" tests="5" name="StepDefinitions.TestRunnerTestng" time="38.260" errors="0" timestamp="2021-02-06T19:40:18 IST" skipped="0">
  <testcase classname="StepDefinitions.TestRunnerTestng" name="runScenario" time="6.994"/>
  <system-out/>
  <testcase classname="StepDefinitions.TestRunnerTestng" name="runScenario" time="7.082"/>
  <system-out/>
  <testcase classname="StepDefinitions.TestRunnerTestng" name="runScenario" time="9.783"/>
  <system-out/>
  <testcase classname="StepDefinitions.TestRunnerTestng" name="runScenario" time="7.229"/>
  <system-out/>
  <testcase classname="StepDefinitions.TestRunnerTestng" name="runScenario" time="7.172"/>
  <system-out/>
</testsuite> <!-- StepDefinitions.TestRunnerTestng -->
