<?xml version="1.0" encoding="UTF-8"?>
<!-- Generated by org.testng.reporters.JUnitReportReporter -->
<testsuite hostname="MSI" failures="0" tests="1" name="cucumberProject.MockAPI_Tests" time="1.972" errors="0" timestamp="2021-02-11T01:19:27 IST" skipped="0">
  <testcase classname="cucumberProject.MockAPI_Tests" name="delete_Mock_Test" time="1.972"/>
  <system-out/>
</testsuite> <!-- cucumberProject.MockAPI_Tests -->
