<?xml version="1.0" encoding="UTF-8"?>
<!-- Generated by org.testng.reporters.JUnitReportReporter -->
<testsuite hostname="MSI" failures="0" tests="6" name="com.selenium.test.Test_01" time="85.290" errors="0" timestamp="2021-02-11T00:19:01 IST" skipped="0">
  <testcase classname="com.selenium.test.Test_01" name="test_02" time="15.377"/>
  <system-out/>
  <testcase classname="com.selenium.test.Test_01" name="test_01" time="14.194"/>
  <system-out/>
  <testcase classname="com.selenium.test.Test_01" name="test_02" time="14.955"/>
  <system-out/>
  <testcase classname="com.selenium.test.Test_01" name="test_01" time="11.825"/>
  <system-out/>
  <testcase classname="com.selenium.test.Test_01" name="test_02" time="13.479"/>
  <system-out/>
  <testcase classname="com.selenium.test.Test_01" name="test_01" time="15.460"/>
  <system-out/>
</testsuite> <!-- com.selenium.test.Test_01 -->
