<?xml version="1.0" encoding="UTF-8"?>
<!-- Generated by org.testng.reporters.JUnitReportReporter -->
<testsuite hostname="MSI" failures="0" tests="1" name="cucumberProject.Test01_Get" time="2.807" errors="0" timestamp="2021-02-07T00:42:08 IST" skipped="0">
  <testcase classname="cucumberProject.Test01_Get" name="test_04" time="2.807"/>
  <system-out/>
</testsuite> <!-- cucumberProject.Test01_Get -->
