<?xml version="1.0" encoding="UTF-8"?>
<!-- Generated by org.testng.reporters.JUnitReportReporter -->
<testsuite hostname="MSI" failures="0" tests="5" name="com.stepDefinitions.TestRunnerTestng" time="0.277" errors="0" timestamp="2021-02-18T23:10:40 IST" skipped="0">
  <testcase classname="com.stepDefinitions.TestRunnerTestng" name="runScenario" time="0.014"/>
  <system-out/>
  <testcase classname="com.stepDefinitions.TestRunnerTestng" name="runScenario" time="0.009"/>
  <system-out/>
  <testcase classname="com.stepDefinitions.TestRunnerTestng" name="runScenario" time="0.006"/>
  <system-out/>
  <testcase classname="com.stepDefinitions.TestRunnerTestng" name="runScenario" time="0.013"/>
  <system-out/>
  <testcase classname="com.stepDefinitions.TestRunnerTestng" name="runScenario" time="0.235"/>
  <system-out/>
</testsuite> <!-- com.stepDefinitions.TestRunnerTestng -->
